<?xml version="1.0" encoding="utf-8"?><testsuites><testsuite name="pytest" errors="0" failures="0" skipped="0" tests="14" time="3.727" timestamp="2023-07-27T11:18:23.123520" hostname="biobb-runners"><testcase classname="biobb_flexserv.test.unitests.test_flexserv.test_bd_run.TestBDRun" name="test_bd_run" time="0.481" /><testcase classname="biobb_flexserv.test.unitests.test_flexserv.test_dmd_run.TestDMDRun" name="test_dmd_run" time="0.542" /><testcase classname="biobb_flexserv.test.unitests.test_flexserv.test_nma_run.TestNMARun" name="test_nma_run" time="0.989" /><testcase classname="biobb_flexserv.test.unitests.test_pcasuite.test_pcaunzip.TestPCZunzip" name="test_pczunzip" time="0.181" /><testcase classname="biobb_flexserv.test.unitests.test_pcasuite.test_pcazip.TestPCZzip" name="test_pczzip" time="0.126" /><testcase classname="biobb_flexserv.test.unitests.test_pcasuite.test_pcz_animate.TestPCZanimate" name="test_pcz_animate" time="0.161" /><testcase classname="biobb_flexserv.test.unitests.test_pcasuite.test_pcz_bfactor.TestPCZbfactor" name="test_pcz_bfactor" time="0.050" /><testcase classname="biobb_flexserv.test.unitests.test_pcasuite.test_pcz_collectivity.TestPCZcollectivity" name="test_pcz_collectivity" time="0.032" /><testcase classname="biobb_flexserv.test.unitests.test_pcasuite.test_pcz_evecs.TestPCZevecs" name="test_pcz_evecs" time="0.031" /><testcase classname="biobb_flexserv.test.unitests.test_pcasuite.test_pcz_hinges.TestPCZhinges" name="test_pcz_hinges" time="0.261" /><testcase classname="biobb_flexserv.test.unitests.test_pcasuite.test_pcz_info.TestPCZinfo" name="test_pcz_info" time="0.036" /><testcase classname="biobb_flexserv.test.unitests.test_pcasuite.test_pcz_lindemann.TestPCZlindemann" name="test_pcz_lindemann" time="0.085" /><testcase classname="biobb_flexserv.test.unitests.test_pcasuite.test_pcz_similarity.TestPCZsimilarity" name="test_pcz_similarity" time="0.118" /><testcase classname="biobb_flexserv.test.unitests.test_pcasuite.test_pcz_stiffness.TestPCZstiffness" name="test_pcz_stiffness" time="0.147" /></testsuite></testsuites>