<?xml version="1.0" encoding="utf-8"?><testsuites><testsuite errors="0" failures="0" hostname="biobb-runners" name="pytest" skipped="0" tests="14" time="3.157" timestamp="2023-05-31T10:36:32.110620"><testcase classname="biobb_flexserv.test.unitests.test_flexserv.test_bd_run.TestBDRun" name="test_bd_run" time="0.438" /><testcase classname="biobb_flexserv.test.unitests.test_flexserv.test_dmd_run.TestDMDRun" name="test_dmd_run" time="0.359" /><testcase classname="biobb_flexserv.test.unitests.test_flexserv.test_nma_run.TestNMARun" name="test_nma_run" time="0.761" /><testcase classname="biobb_flexserv.test.unitests.test_pcasuite.test_pcaunzip.TestPCZunzip" name="test_pczunzip" time="0.129" /><testcase classname="biobb_flexserv.test.unitests.test_pcasuite.test_pcazip.TestPCZzip" name="test_pczzip" time="0.155" /><testcase classname="biobb_flexserv.test.unitests.test_pcasuite.test_pcz_animate.TestPCZanimate" name="test_pcz_animate" time="0.141" /><testcase classname="biobb_flexserv.test.unitests.test_pcasuite.test_pcz_bfactor.TestPCZbfactor" name="test_pcz_bfactor" time="0.042" /><testcase classname="biobb_flexserv.test.unitests.test_pcasuite.test_pcz_collectivity.TestPCZcollectivity" name="test_pcz_collectivity" time="0.027" /><testcase classname="biobb_flexserv.test.unitests.test_pcasuite.test_pcz_evecs.TestPCZevecs" name="test_pcz_evecs" time="0.028" /><testcase classname="biobb_flexserv.test.unitests.test_pcasuite.test_pcz_hinges.TestPCZhinges" name="test_pcz_hinges" time="0.259" /><testcase classname="biobb_flexserv.test.unitests.test_pcasuite.test_pcz_info.TestPCZinfo" name="test_pcz_info" time="0.066" /><testcase classname="biobb_flexserv.test.unitests.test_pcasuite.test_pcz_lindemann.TestPCZlindemann" name="test_pcz_lindemann" time="0.057" /><testcase classname="biobb_flexserv.test.unitests.test_pcasuite.test_pcz_similarity.TestPCZsimilarity" name="test_pcz_similarity" time="0.111" /><testcase classname="biobb_flexserv.test.unitests.test_pcasuite.test_pcz_stiffness.TestPCZstiffness" name="test_pcz_stiffness" time="0.137" /></testsuite></testsuites>