<?xml version="1.0" encoding="utf-8"?><testsuites><testsuite name="pytest" errors="0" failures="0" skipped="0" tests="14" time="3.582" timestamp="2024-11-04T11:16:57.390978+00:00" hostname="biobb-runners"><testcase classname="biobb_flexserv.test.unitests.test_flexserv.test_bd_run.TestBDRun" name="test_bd_run" time="0.452" /><testcase classname="biobb_flexserv.test.unitests.test_flexserv.test_dmd_run.TestDMDRun" name="test_dmd_run" time="0.372" /><testcase classname="biobb_flexserv.test.unitests.test_flexserv.test_nma_run.TestNMARun" name="test_nma_run" time="0.872" /><testcase classname="biobb_flexserv.test.unitests.test_pcasuite.test_pcaunzip.TestPCZunzip" name="test_pczunzip" time="0.136" /><testcase classname="biobb_flexserv.test.unitests.test_pcasuite.test_pcazip.TestPCZzip" name="test_pczzip" time="0.150" /><testcase classname="biobb_flexserv.test.unitests.test_pcasuite.test_pcz_animate.TestPCZanimate" name="test_pcz_animate" time="0.206" /><testcase classname="biobb_flexserv.test.unitests.test_pcasuite.test_pcz_bfactor.TestPCZbfactor" name="test_pcz_bfactor" time="0.057" /><testcase classname="biobb_flexserv.test.unitests.test_pcasuite.test_pcz_collectivity.TestPCZcollectivity" name="test_pcz_collectivity" time="0.040" /><testcase classname="biobb_flexserv.test.unitests.test_pcasuite.test_pcz_evecs.TestPCZevecs" name="test_pcz_evecs" time="0.038" /><testcase classname="biobb_flexserv.test.unitests.test_pcasuite.test_pcz_hinges.TestPCZhinges" name="test_pcz_hinges" time="0.277" /><testcase classname="biobb_flexserv.test.unitests.test_pcasuite.test_pcz_info.TestPCZinfo" name="test_pcz_info" time="0.041" /><testcase classname="biobb_flexserv.test.unitests.test_pcasuite.test_pcz_lindemann.TestPCZlindemann" name="test_pcz_lindemann" time="0.061" /><testcase classname="biobb_flexserv.test.unitests.test_pcasuite.test_pcz_similarity.TestPCZsimilarity" name="test_pcz_similarity" time="0.123" /><testcase classname="biobb_flexserv.test.unitests.test_pcasuite.test_pcz_stiffness.TestPCZstiffness" name="test_pcz_stiffness" time="0.155" /></testsuite></testsuites>